[18дек.2023 00:00:02.426] [Server thread/INFO] [net.minecraft.server.MinecraftServer/]: [Mugnetix: Saved the game]
[18дек.2023 00:01:02.222] [Server thread/WARN] [net.minecraft.server.MinecraftServer/]: Can't keep up! Is the server overloaded? Running 2058ms or 41 ticks behind
[18дек.2023 00:05:41.680] [Server thread/WARN] [net.minecraft.server.MinecraftServer/]: Can't keep up! Is the server overloaded? Running 2108ms or 42 ticks behind
[18дек.2023 00:07:14.203] [Server thread/WARN] [net.minecraft.server.MinecraftServer/]: Can't keep up! Is the server overloaded? Running 2940ms or 58 ticks behind
[18дек.2023 00:08:35.390] [Server thread/INFO] [net.minecraft.server.MinecraftServer/]: [Mugnetix: Saved the game]
[18дек.2023 00:17:43.736] [Server thread/INFO] [net.minecraft.server.MinecraftServer/]: [Mugnetix: Saved the game]
[18дек.2023 00:17:52.755] [Server thread/INFO] [net.minecraft.server.MinecraftServer/]: [Mugnetix: Set own game mode to Spectator Mode]
[18дек.2023 00:18:07.502] [Server thread/WARN] [net.minecraft.server.MinecraftServer/]: Can't keep up! Is the server overloaded? Running 2687ms or 53 ticks behind
[18дек.2023 00:18:10.902] [Server thread/INFO] [net.minecraft.server.MinecraftServer/]: [Mugnetix: Teleported Mugnetix to -2431.500000, 81.548608, -3279.500000]
[18дек.2023 00:19:40.792] [Server thread/INFO] [net.minecraft.server.MinecraftServer/]: [Mugnetix: Teleported Mugnetix to -2431.500000, 88.286893, -3279.500000]
[18дек.2023 00:19:40.865] [Server thread/WARN] [net.minecraft.server.network.ServerGamePacketListenerImpl/]: Mugnetix moved too quickly! -29.327611909571715,0.0,227.10306024096963
[18дек.2023 00:19:41.918] [Server thread/WARN] [net.minecraft.server.MinecraftServer/]: Can't keep up! Is the server overloaded? Running 2005ms or 40 ticks behind
[18дек.2023 00:19:45.531] [Server thread/WARN] [net.minecraft.server.network.ServerGamePacketListenerImpl/]: Mugnetix moved too quickly! -0.2647310917013783,0.0,-10.532201025603626
[18дек.2023 00:20:50.518] [Server thread/INFO] [net.minecraft.server.MinecraftServer/]: [Mugnetix: Set own game mode to Survival Mode]
[18дек.2023 00:20:54.095] [Server thread/WARN] [net.minecraft.server.MinecraftServer/]: Can't keep up! Is the server overloaded? Running 2142ms or 42 ticks behind
[18дек.2023 00:20:57.965] [Server thread/INFO] [net.minecraft.server.MinecraftServer/]: [Mugnetix: Saved the game]
[18дек.2023 00:24:09.446] [Server thread/WARN] [net.minecraft.server.MinecraftServer/]: Can't keep up! Is the server overloaded? Running 2590ms or 51 ticks behind
[18дек.2023 00:25:31.914] [Server thread/INFO] [net.minecraft.server.MinecraftServer/]: [Mugnetix: Teleported Mugnetix to -1999.500000, 100.000000, -999.500000]
[18дек.2023 00:25:31.914] [Server thread/WARN] [net.minecraft.server.MinecraftServer/]: Can't keep up! Is the server overloaded? Running 4702ms or 94 ticks behind
[18дек.2023 00:26:01.652] [Server thread/INFO] [net.minecraft.server.MinecraftServer/]: [Mugnetix: Saved the game]
[18дек.2023 00:26:01.681] [Server thread/INFO] [net.minecraft.server.MinecraftServer/]: [Mugnetix: Set own game mode to Spectator Mode]
[18дек.2023 00:26:02.239] [Server thread/WARN] [net.minecraft.server.MinecraftServer/]: Can't keep up! Is the server overloaded? Running 15327ms or 306 ticks behind
[18дек.2023 00:26:18.211] [Server thread/WARN] [net.minecraft.server.network.ServerGamePacketListenerImpl/]: Mugnetix moved too quickly! -10.104953646167132,0.0,3.5223694530441207
[18дек.2023 00:26:27.294] [Server thread/WARN] [net.minecraft.server.MinecraftServer/]: Can't keep up! Is the server overloaded? Running 2177ms or 43 ticks behind
[18дек.2023 00:26:40.368] [Server thread/WARN] [net.minecraft.server.network.ServerGamePacketListenerImpl/]: Mugnetix moved too quickly! -8.351555255424273,0.0,5.68989679128299
[18дек.2023 00:26:47.101] [Server thread/WARN] [net.minecraft.server.MinecraftServer/]: Can't keep up! Is the server overloaded? Running 4888ms or 97 ticks behind
[18дек.2023 00:26:47.989] [Server thread/WARN] [net.minecraft.server.network.ServerGamePacketListenerImpl/]: Mugnetix moved too quickly! -8.650177580069794,0.0,-6.467871010857152
[18дек.2023 00:26:59.260] [Server thread/WARN] [net.minecraft.server.network.ServerGamePacketListenerImpl/]: Mugnetix moved too quickly! -9.590523777264934,-3.040901343234566,1.7841665868049859
[18дек.2023 00:27:03.164] [Server thread/WARN] [net.minecraft.server.network.ServerGamePacketListenerImpl/]: Mugnetix moved too quickly! -9.518494540403026,-3.3750001339496833,2.0542114487045637
[18дек.2023 00:28:09.566] [Server thread/WARN] [net.minecraft.server.MinecraftServer/]: Can't keep up! Is the server overloaded? Running 30003ms or 600 ticks behind
[18дек.2023 00:28:12.797] [Server thread/INFO] [net.minecraft.server.network.ServerGamePacketListenerImpl/]: Mugnetix lost connection: Disconnected
[18дек.2023 00:28:12.836] [Server thread/INFO] [net.minecraft.server.MinecraftServer/]: Mugnetix left the game
[18дек.2023 00:28:46.015] [Server thread/INFO] [net.minecraft.server.MinecraftServer/]: Saving the game (this may take a moment!)
[18дек.2023 00:28:46.106] [Server thread/INFO] [net.minecraft.server.MinecraftServer/]: Saved the game
[18дек.2023 00:29:17.661] [Server thread/INFO] [net.minecraftforge.common.AdvancementLoadFix/]: Using new advancement loading for net.minecraft.server.PlayerAdvancements@c568911
[18дек.2023 00:29:17.690] [Server thread/INFO] [net.minecraft.server.players.PlayerList/]: Mugnetix[/127.0.0.1:55382] logged in with entity id 125673 at (-2386.4656085912975, 89.30279488830853, -1073.7257183995234)
[18дек.2023 00:29:17.726] [Server thread/INFO] [net.minecraft.server.MinecraftServer/]: Mugnetix joined the game
[18дек.2023 00:29:27.241] [Server thread/WARN] [net.minecraft.server.MinecraftServer/]: Can't keep up! Is the server overloaded? Running 9529ms or 190 ticks behind
[18дек.2023 00:29:57.493] [Server thread/INFO] [net.minecraft.server.MinecraftServer/]: [Mugnetix: Set own game mode to Survival Mode]
[18дек.2023 00:39:18.559] [Server thread/INFO] [net.minecraft.server.MinecraftServer/]: [Mugnetix: Set own game mode to Spectator Mode]
[18дек.2023 00:39:25.899] [Server thread/INFO] [net.minecraft.server.MinecraftServer/]: [Mugnetix: Set the time to 1000]
[18дек.2023 00:39:45.627] [Server thread/WARN] [net.minecraft.server.network.ServerGamePacketListenerImpl/]: Mugnetix moved too quickly! 5.708940426183744,7.875000312924371,-2.9475323704355105
[18дек.2023 00:39:49.555] [Server thread/INFO] [net.minecraft.server.MinecraftServer/]: [Mugnetix: Set own game mode to Survival Mode]
[18дек.2023 00:41:00.222] [Server thread/INFO] [net.minecraft.server.MinecraftServer/]: [Mugnetix: Saved the game]
[18дек.2023 00:46:59.931] [Server thread/INFO] [net.minecraft.server.MinecraftServer/]: [Mugnetix: Set own game mode to Creative Mode]
[18дек.2023 00:47:51.850] [Server thread/INFO] [net.minecraft.server.MinecraftServer/]: [Mugnetix: Set own game mode to Survival Mode]
[18дек.2023 00:48:01.235] [Server thread/INFO] [net.minecraft.server.MinecraftServer/]: [Mugnetix: Set own game mode to Creative Mode]
[18дек.2023 00:48:10.145] [Server thread/INFO] [net.minecraft.server.MinecraftServer/]: [Mugnetix: Set own game mode to Survival Mode]
[18дек.2023 00:48:51.932] [Server thread/INFO] [net.minecraft.server.MinecraftServer/]: [Mugnetix: Set own game mode to Creative Mode]
[18дек.2023 00:49:20.059] [Server thread/INFO] [net.minecraft.server.MinecraftServer/]: [Mugnetix: Set own game mode to Survival Mode]
[18дек.2023 00:49:35.790] [Server thread/INFO] [net.minecraft.server.MinecraftServer/]: [Mugnetix: Set own game mode to Creative Mode]
[18дек.2023 00:49:54.238] [Server thread/INFO] [net.minecraft.server.MinecraftServer/]: [Mugnetix: Set own game mode to Survival Mode]
[18дек.2023 00:55:22.711] [Server thread/INFO] [net.minecraft.server.MinecraftServer/]: Mugnetix has reached the goal [Dinner's Served!]
[18дек.2023 00:55:29.330] [Server thread/INFO] [net.minecraft.server.MinecraftServer/]: [Mugnetix: Saved the game]
[18дек.2023 00:59:40.443] [Server thread/INFO] [net.minecraft.server.MinecraftServer/]: [Mugnetix: Saved the game]
[18дек.2023 01:05:56.130] [Server thread/INFO] [net.minecraft.server.MinecraftServer/]: [Mugnetix: Set own game mode to Creative Mode]
[18дек.2023 01:06:21.899] [Server thread/INFO] [net.minecraft.server.MinecraftServer/]: [Mugnetix: Set the time to 13000]
[18дек.2023 01:07:21.877] [Server thread/INFO] [net.minecraft.server.MinecraftServer/]: [Mugnetix: Set own game mode to Survival Mode]
[18дек.2023 01:07:42.490] [Server thread/INFO] [net.minecraft.server.MinecraftServer/]: [Mugnetix: Saved the game]
[18дек.2023 01:08:09.656] [Server thread/INFO] [net.minecraft.server.MinecraftServer/]: [Mugnetix: Saved the game]
[18дек.2023 01:08:34.576] [Server thread/INFO] [net.minecraft.server.network.ServerGamePacketListenerImpl/]: Mugnetix lost connection: Disconnected
[18дек.2023 01:08:34.577] [Server thread/INFO] [net.minecraft.server.MinecraftServer/]: Mugnetix left the game
[18дек.2023 01:10:17.463] [Server thread/INFO] [net.minecraft.server.MinecraftServer/]: Stopping the server
[18дек.2023 01:10:17.520] [Server thread/INFO] [net.minecraft.server.MinecraftServer/]: Stopping server
[18дек.2023 01:10:17.522] [Server thread/INFO] [net.minecraft.server.MinecraftServer/]: Saving players
[18дек.2023 01:10:17.523] [Server thread/INFO] [net.minecraft.server.MinecraftServer/]: Saving worlds
[18дек.2023 01:10:18.219] [Server thread/INFO] [net.minecraft.server.MinecraftServer/]: Saving chunks for level 'ServerLevel[world]'/minecraft:overworld
[18дек.2023 01:10:18.439] [Server thread/INFO] [net.minecraft.server.MinecraftServer/]: Saving chunks for level 'ServerLevel[world]'/deeperdarker:otherside
[18дек.2023 01:10:18.440] [Server thread/INFO] [net.minecraft.server.MinecraftServer/]: Saving chunks for level 'ServerLevel[world]'/extradelight:corn_dimension
[18дек.2023 01:10:18.448] [Server thread/INFO] [net.minecraft.server.MinecraftServer/]: Saving chunks for level 'ServerLevel[world]'/minecraft:the_end
[18дек.2023 01:10:18.452] [Server thread/INFO] [net.minecraft.server.MinecraftServer/]: Saving chunks for level 'ServerLevel[world]'/minecraft:the_nether
[18дек.2023 01:10:18.498] [Server thread/INFO] [net.minecraft.server.MinecraftServer/]: ThreadedAnvilChunkStorage (world): All chunks are saved
[18дек.2023 01:10:18.499] [Server thread/INFO] [net.minecraft.server.MinecraftServer/]: ThreadedAnvilChunkStorage (otherside): All chunks are saved
[18дек.2023 01:10:18.501] [Server thread/INFO] [net.minecraft.server.MinecraftServer/]: ThreadedAnvilChunkStorage (corn_dimension): All chunks are saved
[18дек.2023 01:10:18.501] [Server thread/INFO] [net.minecraft.server.MinecraftServer/]: ThreadedAnvilChunkStorage (DIM1): All chunks are saved
[18дек.2023 01:10:18.502] [Server thread/INFO] [net.minecraft.server.MinecraftServer/]: ThreadedAnvilChunkStorage (DIM-1): All chunks are saved
[18дек.2023 01:10:18.502] [Server thread/INFO] [net.minecraft.server.MinecraftServer/]: ThreadedAnvilChunkStorage: All dimensions are saved
